2025-06-04 12:37:52,093 - INFO - Запуск сервиса обновления базы данных...
2025-06-04 12:37:52,112 - INFO - Следующая проверка в 2025-06-04 20:00:00
2025-06-05 09:32:45,724 - INFO - Запуск сервиса обновления базы данных...
2025-06-05 09:32:45,736 - INFO - Следующая проверка в 2025-06-05 20:00:00
2025-06-05 19:59:58,000 - INFO - Начало ежедневного обновления...
2025-06-05 19:59:58,922 - INFO - Обработка письма: Остатки бот от 04.06.2025
2025-06-05 19:59:58,936 - INFO - Файл для бота (XLSX).xlsx успешно сохранен как bot_data.xlsx
2025-06-05 19:59:58,956 - INFO - 📂 Загружаю Excel-файл bot_data.xlsx...
2025-06-05 20:00:03,314 - INFO - ✅ База данных успешно обновлена. Записей: 13090
2025-06-05 20:00:03,317 - INFO - ✅ База данных успешно обновлена
2025-06-05 20:00:03,318 - INFO - Следующая проверка в 2025-06-06 20:00:00
2025-06-06 20:00:00,059 - INFO - Начало ежедневного обновления...
2025-06-06 20:00:00,808 - INFO - Обработка письма: Остатки бот от 04.06.2025
2025-06-06 20:00:00,832 - INFO - Файл для бота (XLSX).xlsx успешно сохранен как bot_data.xlsx
2025-06-06 20:00:00,844 - INFO - 📂 Загружаю Excel-файл bot_data.xlsx...
2025-06-06 20:00:04,980 - INFO - ✅ База данных успешно обновлена. Записей: 13090
2025-06-06 20:00:04,984 - INFO - ✅ База данных успешно обновлена
2025-06-06 20:00:04,986 - INFO - Следующая проверка в 2025-06-07 20:00:00
2025-06-07 19:59:54,744 - INFO - Начало ежедневного обновления...
2025-06-07 19:59:55,412 - INFO - Обработка письма: Остатки бот от 04.06.2025
2025-06-07 19:59:55,445 - INFO - Файл для бота (XLSX).xlsx успешно сохранен как bot_data.xlsx
2025-06-07 19:59:55,481 - INFO - 📂 Загружаю Excel-файл bot_data.xlsx...
2025-06-07 20:00:01,016 - INFO - ✅ База данных успешно обновлена. Записей: 13090
2025-06-07 20:00:01,027 - INFO - ✅ База данных успешно обновлена
2025-06-07 20:00:01,028 - INFO - Следующая проверка в 2025-06-08 20:00:00
2025-06-08 19:59:57,369 - INFO - Начало ежедневного обновления...
2025-06-08 19:59:58,589 - INFO - Обработка письма: Остатки бот от 04.06.2025
2025-06-08 19:59:58,616 - INFO - Файл для бота (XLSX).xlsx успешно сохранен как bot_data.xlsx
2025-06-08 19:59:58,626 - INFO - 📂 Загружаю Excel-файл bot_data.xlsx...
2025-06-08 20:00:05,629 - INFO - ✅ База данных успешно обновлена. Записей: 13090
2025-06-08 20:00:05,635 - INFO - ✅ База данных успешно обновлена
2025-06-08 20:00:05,635 - INFO - Следующая проверка в 2025-06-09 20:00:00
2025-06-09 12:05:05,314 - INFO - Запуск сервиса обновления базы данных...
2025-06-09 12:05:05,321 - INFO - Следующая проверка в 2025-06-09 20:00:00
2025-06-09 20:00:00,021 - INFO - Начало ежедневного обновления...
2025-06-09 20:00:00,796 - INFO - Обработка письма: Остатки бот от 04.06.2025
2025-06-09 20:00:00,810 - INFO - Файл для бота (XLSX).xlsx успешно сохранен как bot_data.xlsx
2025-06-09 20:00:00,820 - INFO - 📂 Загружаю Excel-файл bot_data.xlsx...
2025-06-09 20:00:05,297 - INFO - ✅ База данных успешно обновлена. Записей: 13090
2025-06-09 20:00:05,300 - INFO - ✅ База данных успешно обновлена
2025-06-09 20:00:05,301 - INFO - Следующая проверка в 2025-06-10 20:00:00
2025-06-10 19:59:58,099 - INFO - Начало ежедневного обновления...
2025-06-10 19:59:58,786 - INFO - Обработка письма: Остатки бот от 04.06.2025
2025-06-10 19:59:58,802 - INFO - Файл для бота (XLSX).xlsx успешно сохранен как bot_data.xlsx
2025-06-10 19:59:58,813 - INFO - 📂 Загружаю Excel-файл bot_data.xlsx...
2025-06-10 20:00:02,379 - INFO - ✅ База данных успешно обновлена. Записей: 13090
2025-06-10 20:00:02,383 - INFO - ✅ База данных успешно обновлена
2025-06-10 20:00:02,384 - INFO - Следующая проверка в 2025-06-11 20:00:00
2025-06-16 10:04:12,187 - INFO - Запуск сервиса обновления базы данных...
2025-06-16 10:04:12,201 - INFO - Следующая проверка в 2025-06-16 20:00:00
2025-06-16 19:59:57,355 - INFO - Начало ежедневного обновления...
2025-06-16 19:59:58,356 - INFO - Обработка письма: Остатки бот от 04.06.2025
2025-06-16 19:59:58,371 - INFO - Файл для бота (XLSX).xlsx успешно сохранен как bot_data.xlsx
2025-06-16 19:59:58,397 - INFO - 📂 Загружаю Excel-файл bot_data.xlsx...
2025-06-16 20:00:02,582 - INFO - ✅ База данных успешно обновлена. Записей: 13090
2025-06-16 20:00:02,585 - INFO - ✅ База данных успешно обновлена
2025-06-16 20:00:02,586 - INFO - Следующая проверка в 2025-06-17 20:00:00
2025-06-17 19:59:57,367 - INFO - Начало ежедневного обновления...
2025-06-17 19:59:58,199 - INFO - Обработка письма: Остатки бот от 04.06.2025
2025-06-17 19:59:58,217 - INFO - Файл для бота (XLSX).xlsx успешно сохранен как bot_data.xlsx
2025-06-17 19:59:58,230 - INFO - 📂 Загружаю Excel-файл bot_data.xlsx...
2025-06-17 20:00:01,995 - INFO - ✅ База данных успешно обновлена. Записей: 13090
2025-06-17 20:00:01,999 - INFO - ✅ База данных успешно обновлена
2025-06-17 20:00:01,999 - INFO - Следующая проверка в 2025-06-18 20:00:00
2025-06-18 19:59:57,422 - INFO - Начало ежедневного обновления...
2025-06-18 19:59:58,848 - INFO - Обработка письма: Остатки бот от 04.06.2025
2025-06-18 19:59:58,966 - INFO - Файл для бота (XLSX).xlsx успешно сохранен как bot_data.xlsx
2025-06-18 19:59:59,108 - INFO - 📂 Загружаю Excel-файл bot_data.xlsx...
2025-06-18 20:00:09,839 - INFO - ✅ База данных успешно обновлена. Записей: 13090
2025-06-18 20:00:09,851 - INFO - ✅ База данных успешно обновлена
2025-06-18 20:00:09,853 - INFO - Следующая проверка в 2025-06-19 20:00:00
2025-06-19 19:59:57,553 - INFO - Начало ежедневного обновления...
2025-06-19 20:00:01,244 - INFO - Обработка письма: Остатки бот от 04.06.2025
2025-06-19 20:00:02,057 - INFO - Файл для бота (XLSX).xlsx успешно сохранен как bot_data.xlsx
2025-06-19 20:00:02,932 - INFO - 📂 Загружаю Excel-файл bot_data.xlsx...
2025-06-19 20:01:38,426 - INFO - ✅ База данных успешно обновлена. Записей: 13090
2025-06-19 20:01:38,450 - INFO - ✅ База данных успешно обновлена
2025-06-19 20:01:38,455 - INFO - Следующая проверка в 2025-06-20 20:00:00
2025-06-20 19:59:57,755 - INFO - Начало ежедневного обновления...
2025-06-20 20:00:00,783 - INFO - Обработка письма: Остатки бот от 04.06.2025
2025-06-20 20:00:01,450 - INFO - Файл для бота (XLSX).xlsx успешно сохранен как bot_data.xlsx
2025-06-20 20:00:02,168 - INFO - 📂 Загружаю Excel-файл bot_data.xlsx...
2025-06-20 20:00:44,025 - INFO - ✅ База данных успешно обновлена. Записей: 13090
2025-06-20 20:00:44,028 - INFO - ✅ База данных успешно обновлена
2025-06-20 20:00:44,038 - INFO - Следующая проверка в 2025-06-21 20:00:00
2025-06-21 19:59:57,468 - INFO - Начало ежедневного обновления...
2025-06-21 20:16:56,721 - INFO - Обработка письма: Остатки бот от 04.06.2025
2025-06-21 20:16:57,238 - INFO - Файл для бота (XLSX).xlsx успешно сохранен как bot_data.xlsx
2025-06-21 20:16:57,641 - INFO - 📂 Загружаю Excel-файл bot_data.xlsx...
2025-06-21 20:17:21,443 - INFO - ✅ База данных успешно обновлена. Записей: 13090
2025-06-21 20:17:22,340 - INFO - ✅ База данных успешно обновлена
2025-06-21 20:17:23,121 - INFO - Следующая проверка в 2025-06-22 20:00:00
2025-06-22 19:59:59,021 - INFO - Начало ежедневного обновления...
2025-06-22 20:00:03,781 - INFO - Обработка письма: Остатки бот от 04.06.2025
2025-06-22 20:00:04,631 - INFO - Файл для бота (XLSX).xlsx успешно сохранен как bot_data.xlsx
2025-06-22 20:00:05,984 - INFO - 📂 Загружаю Excel-файл bot_data.xlsx...
2025-06-22 20:03:33,134 - INFO - ✅ База данных успешно обновлена. Записей: 13090
2025-06-22 20:03:34,715 - INFO - ✅ База данных успешно обновлена
2025-06-22 20:03:35,347 - INFO - Следующая проверка в 2025-06-23 20:00:00
2025-06-23 19:59:58,555 - INFO - Начало ежедневного обновления...
2025-06-23 20:00:01,791 - INFO - Обработка письма: Остатки бот от 04.06.2025
2025-06-23 20:00:02,728 - INFO - Файл для бота (XLSX).xlsx успешно сохранен как bot_data.xlsx
2025-06-23 20:00:03,822 - INFO - 📂 Загружаю Excel-файл bot_data.xlsx...
2025-06-23 20:02:44,398 - INFO - ✅ База данных успешно обновлена. Записей: 13090
2025-06-23 20:02:45,947 - INFO - ✅ База данных успешно обновлена
2025-06-23 20:02:47,554 - INFO - Следующая проверка в 2025-06-24 20:00:00
2025-06-24 19:59:59,585 - INFO - Начало ежедневного обновления...
2025-06-24 20:00:06,046 - INFO - Обработка письма: Остатки бот от 04.06.2025
2025-06-24 20:00:08,939 - INFO - Файл для бота (XLSX).xlsx успешно сохранен как bot_data.xlsx
2025-06-24 20:00:11,684 - INFO - 📂 Загружаю Excel-файл bot_data.xlsx...
2025-06-24 20:03:21,409 - INFO - ✅ База данных успешно обновлена. Записей: 13090
2025-06-24 20:03:22,860 - INFO - ✅ База данных успешно обновлена
2025-06-24 20:03:26,654 - INFO - Следующая проверка в 2025-06-25 20:00:00
2025-06-25 20:00:02,868 - INFO - Начало ежедневного обновления...
2025-06-25 20:00:07,917 - INFO - Обработка письма: Остатки бот от 04.06.2025
2025-06-25 20:00:09,418 - INFO - Файл для бота (XLSX).xlsx успешно сохранен как bot_data.xlsx
2025-06-25 20:00:10,983 - INFO - 📂 Загружаю Excel-файл bot_data.xlsx...
2025-06-25 20:02:45,266 - INFO - ✅ База данных успешно обновлена. Записей: 13090
2025-06-25 20:02:47,664 - INFO - ✅ База данных успешно обновлена
2025-06-25 20:02:49,140 - INFO - Следующая проверка в 2025-06-26 20:00:00
2025-06-26 19:59:59,703 - INFO - Начало ежедневного обновления...
2025-06-26 20:00:07,600 - INFO - Обработка письма: Остатки бот от 04.06.2025
2025-06-26 20:00:09,361 - INFO - Файл для бота (XLSX).xlsx успешно сохранен как bot_data.xlsx
2025-06-26 20:00:10,169 - INFO - 📂 Загружаю Excel-файл bot_data.xlsx...
2025-06-26 20:03:27,854 - INFO - ✅ База данных успешно обновлена. Записей: 13090
2025-06-26 20:03:31,467 - INFO - ✅ База данных успешно обновлена
2025-06-26 20:03:35,367 - INFO - Следующая проверка в 2025-06-27 20:00:00
2025-06-27 20:00:00,494 - INFO - Начало ежедневного обновления...
2025-06-27 20:00:07,116 - INFO - Обработка письма: Остатки бот от 04.06.2025
2025-06-27 20:00:09,620 - INFO - Файл для бота (XLSX).xlsx успешно сохранен как bot_data.xlsx
2025-06-27 20:00:11,809 - INFO - 📂 Загружаю Excel-файл bot_data.xlsx...
2025-06-27 20:03:21,329 - INFO - ✅ База данных успешно обновлена. Записей: 13090
2025-06-27 20:03:22,837 - INFO - ✅ База данных успешно обновлена
2025-06-27 20:03:26,097 - INFO - Следующая проверка в 2025-06-28 20:00:00
2025-06-28 20:00:05,451 - INFO - Начало ежедневного обновления...
2025-06-28 20:00:11,072 - INFO - Обработка письма: Остатки бот от 04.06.2025
2025-06-28 20:00:13,527 - INFO - Файл для бота (XLSX).xlsx успешно сохранен как bot_data.xlsx
2025-06-28 20:00:15,973 - INFO - 📂 Загружаю Excel-файл bot_data.xlsx...
2025-06-28 20:05:23,535 - INFO - ✅ База данных успешно обновлена. Записей: 13090
2025-06-28 20:05:24,687 - INFO - ✅ База данных успешно обновлена
2025-06-28 20:05:26,904 - INFO - Следующая проверка в 2025-06-29 20:00:00
2025-06-29 20:00:03,680 - INFO - Начало ежедневного обновления...
2025-06-29 20:00:13,447 - INFO - Обработка письма: Остатки бот от 04.06.2025
2025-06-29 20:00:15,441 - INFO - Файл для бота (XLSX).xlsx успешно сохранен как bot_data.xlsx
2025-06-29 20:00:18,749 - INFO - 📂 Загружаю Excel-файл bot_data.xlsx...
2025-06-29 20:06:11,048 - INFO - ✅ База данных успешно обновлена. Записей: 13090
2025-06-29 20:06:11,842 - INFO - ✅ База данных успешно обновлена
2025-06-29 20:06:13,033 - INFO - Следующая проверка в 2025-06-30 20:00:00
2025-06-30 10:43:44,452 - INFO - Запуск сервиса обновления базы данных...
2025-06-30 10:43:44,465 - INFO - Следующая проверка в 2025-06-30 20:00:00
2025-06-30 20:00:00,029 - INFO - Начало ежедневного обновления...
2025-06-30 20:00:00,931 - INFO - Обработка письма: Остатки бот от 04.06.2025
2025-06-30 20:00:00,945 - INFO - Файл для бота (XLSX).xlsx успешно сохранен как bot_data.xlsx
2025-06-30 20:00:01,189 - INFO - 📂 Загружаю Excel-файл bot_data.xlsx...
2025-06-30 20:00:05,243 - INFO - ✅ База данных успешно обновлена. Записей: 13090
2025-06-30 20:00:05,245 - INFO - ✅ База данных успешно обновлена
2025-06-30 20:00:05,246 - INFO - Следующая проверка в 2025-07-01 20:00:00
2025-07-01 19:59:57,705 - INFO - Начало ежедневного обновления...
2025-07-01 19:59:58,333 - INFO - Обработка письма: Остатки бот от 04.06.2025
2025-07-01 19:59:58,347 - INFO - Файл для бота (XLSX).xlsx успешно сохранен как bot_data.xlsx
2025-07-01 19:59:58,366 - INFO - 📂 Загружаю Excel-файл bot_data.xlsx...
2025-07-01 20:00:01,775 - INFO - ✅ База данных успешно обновлена. Записей: 13090
2025-07-01 20:00:01,778 - INFO - ✅ База данных успешно обновлена
2025-07-01 20:00:01,778 - INFO - Следующая проверка в 2025-07-02 20:00:00
2025-07-02 19:59:57,546 - INFO - Начало ежедневного обновления...
2025-07-02 19:59:58,535 - INFO - Обработка письма: Остатки бот от 04.06.2025
2025-07-02 19:59:58,582 - INFO - Файл для бота (XLSX).xlsx успешно сохранен как bot_data.xlsx
2025-07-02 19:59:58,601 - INFO - 📂 Загружаю Excel-файл bot_data.xlsx...
2025-07-02 20:00:04,177 - INFO - ✅ База данных успешно обновлена. Записей: 13090
2025-07-02 20:00:04,183 - INFO - ✅ База данных успешно обновлена
2025-07-02 20:00:04,188 - INFO - Следующая проверка в 2025-07-03 20:00:00
2025-07-03 19:59:57,680 - INFO - Начало ежедневного обновления...
2025-07-03 19:59:59,490 - INFO - Обработка письма: Остатки бот от 04.06.2025
2025-07-03 19:59:59,777 - INFO - Файл для бота (XLSX).xlsx успешно сохранен как bot_data.xlsx
2025-07-03 19:59:59,909 - INFO - 📂 Загружаю Excel-файл bot_data.xlsx...
2025-07-03 20:00:57,596 - INFO - ✅ База данных успешно обновлена. Записей: 13090
2025-07-03 20:00:57,613 - INFO - ✅ База данных успешно обновлена
2025-07-03 20:00:57,622 - INFO - Следующая проверка в 2025-07-04 20:00:00
2025-07-04 19:59:57,938 - INFO - Начало ежедневного обновления...
2025-07-04 20:00:00,718 - INFO - Обработка письма: Остатки бот от 04.06.2025
2025-07-04 20:00:01,305 - INFO - Файл для бота (XLSX).xlsx успешно сохранен как bot_data.xlsx
2025-07-04 20:00:01,796 - INFO - 📂 Загружаю Excel-файл bot_data.xlsx...
2025-07-04 20:01:15,081 - INFO - ✅ База данных успешно обновлена. Записей: 13090
2025-07-04 20:01:15,844 - INFO - ✅ База данных успешно обновлена
2025-07-04 20:01:16,488 - INFO - Следующая проверка в 2025-07-05 20:00:00
2025-07-05 20:00:00,965 - INFO - Начало ежедневного обновления...
2025-07-05 20:00:03,781 - INFO - Обработка письма: Остатки бот от 04.06.2025
2025-07-05 20:00:05,989 - INFO - Файл для бота (XLSX).xlsx успешно сохранен как bot_data.xlsx
2025-07-05 20:00:07,229 - INFO - 📂 Загружаю Excel-файл bot_data.xlsx...
2025-07-05 20:01:40,807 - INFO - ✅ База данных успешно обновлена. Записей: 13090
2025-07-05 20:01:41,447 - INFO - ✅ База данных успешно обновлена
2025-07-05 20:01:42,265 - INFO - Следующая проверка в 2025-07-06 20:00:00
2025-07-06 19:59:56,885 - INFO - Начало ежедневного обновления...
2025-07-06 20:00:03,011 - INFO - Обработка письма: Остатки бот от 04.06.2025
2025-07-06 20:00:04,132 - INFO - Файл для бота (XLSX).xlsx успешно сохранен как bot_data.xlsx
2025-07-06 20:00:05,187 - INFO - 📂 Загружаю Excel-файл bot_data.xlsx...
2025-07-06 20:02:15,007 - INFO - ✅ База данных успешно обновлена. Записей: 13090
2025-07-06 20:02:16,440 - INFO - ✅ База данных успешно обновлена
2025-07-06 20:02:17,835 - INFO - Следующая проверка в 2025-07-07 20:00:00
2025-07-07 20:00:02,322 - INFO - Начало ежедневного обновления...
2025-07-07 20:00:19,118 - INFO - Обработка письма: Остатки бот от 04.06.2025
2025-07-07 20:00:21,869 - INFO - Файл для бота (XLSX).xlsx успешно сохранен как bot_data.xlsx
2025-07-07 20:00:23,688 - INFO - 📂 Загружаю Excel-файл bot_data.xlsx...
2025-07-07 20:02:31,384 - INFO - ✅ База данных успешно обновлена. Записей: 13090
2025-07-07 20:02:32,001 - INFO - ✅ База данных успешно обновлена
2025-07-07 20:02:32,891 - INFO - Следующая проверка в 2025-07-08 20:00:00
2025-07-08 19:59:58,219 - INFO - Начало ежедневного обновления...
2025-07-08 20:00:05,024 - INFO - Обработка письма: Остатки бот от 04.06.2025
2025-07-08 20:00:06,590 - INFO - Файл для бота (XLSX).xlsx успешно сохранен как bot_data.xlsx
2025-07-08 20:00:08,151 - INFO - 📂 Загружаю Excel-файл bot_data.xlsx...
2025-07-08 20:03:04,246 - INFO - ✅ База данных успешно обновлена. Записей: 13090
2025-07-08 20:03:05,296 - INFO - ✅ База данных успешно обновлена
2025-07-08 20:03:06,267 - INFO - Следующая проверка в 2025-07-09 20:00:00
2025-07-09 20:00:03,369 - INFO - Начало ежедневного обновления...
2025-07-09 20:00:08,522 - INFO - Обработка письма: Остатки бот от 04.06.2025
2025-07-09 20:00:10,154 - INFO - Файл для бота (XLSX).xlsx успешно сохранен как bot_data.xlsx
2025-07-09 20:00:11,656 - INFO - 📂 Загружаю Excel-файл bot_data.xlsx...
2025-07-09 20:03:12,860 - INFO - ✅ База данных успешно обновлена. Записей: 13090
2025-07-09 20:03:14,794 - INFO - ✅ База данных успешно обновлена
2025-07-09 20:03:16,823 - INFO - Следующая проверка в 2025-07-10 20:00:00
2025-07-10 20:00:04,519 - INFO - Начало ежедневного обновления...
2025-07-10 20:00:10,155 - INFO - Обработка письма: Остатки бот от 04.06.2025
2025-07-10 20:00:10,869 - INFO - Файл для бота (XLSX).xlsx успешно сохранен как bot_data.xlsx
2025-07-10 20:00:10,900 - INFO - 📂 Загружаю Excel-файл bot_data.xlsx...
2025-07-10 20:04:00,159 - INFO - ✅ База данных успешно обновлена. Записей: 13090
2025-07-10 20:04:00,165 - INFO - ✅ База данных успешно обновлена
2025-07-10 20:04:00,166 - INFO - Следующая проверка в 2025-07-11 20:00:00
2025-07-11 20:00:00,240 - INFO - Начало ежедневного обновления...
2025-07-11 20:00:07,703 - INFO - Обработка письма: Остатки бот от 04.06.2025
2025-07-11 20:00:08,982 - INFO - Файл для бота (XLSX).xlsx успешно сохранен как bot_data.xlsx
2025-07-11 20:00:09,004 - INFO - 📂 Загружаю Excel-файл bot_data.xlsx...
2025-07-11 20:08:38,033 - INFO - ✅ База данных успешно обновлена. Записей: 13090
2025-07-11 20:08:38,041 - INFO - ✅ База данных успешно обновлена
2025-07-11 20:08:38,073 - INFO - Следующая проверка в 2025-07-12 20:00:00
2025-07-12 20:00:00,144 - INFO - Начало ежедневного обновления...
2025-07-12 20:00:44,675 - INFO - Обработка письма: Остатки бот от 04.06.2025
2025-07-12 20:00:47,863 - INFO - Файл для бота (XLSX).xlsx успешно сохранен как bot_data.xlsx
2025-07-12 20:00:47,876 - INFO - 📂 Загружаю Excel-файл bot_data.xlsx...
2025-07-12 20:07:17,648 - INFO - ✅ База данных успешно обновлена. Записей: 13090
2025-07-12 20:07:17,654 - INFO - ✅ База данных успешно обновлена
2025-07-12 20:07:17,655 - INFO - Следующая проверка в 2025-07-13 20:00:00
2025-07-13 20:01:09,147 - INFO - Начало ежедневного обновления...
2025-07-13 20:02:24,774 - INFO - Обработка письма: Остатки бот от 04.06.2025
2025-07-13 20:02:57,297 - INFO - Файл для бота (XLSX).xlsx успешно сохранен как bot_data.xlsx
2025-07-13 20:03:14,560 - INFO - 📂 Загружаю Excel-файл bot_data.xlsx...
2025-07-13 20:13:51,382 - INFO - ✅ База данных успешно обновлена. Записей: 13090
2025-07-13 20:13:55,991 - INFO - ✅ База данных успешно обновлена
2025-07-13 20:14:00,088 - INFO - Следующая проверка в 2025-07-14 20:00:00
2025-07-14 20:00:05,585 - INFO - Начало ежедневного обновления...
2025-07-14 20:00:10,841 - INFO - Обработка письма: Остатки бот от 04.06.2025
2025-07-14 20:00:10,870 - INFO - Файл для бота (XLSX).xlsx успешно сохранен как bot_data.xlsx
2025-07-14 20:00:10,889 - INFO - 📂 Загружаю Excel-файл bot_data.xlsx...
2025-07-14 20:07:08,507 - INFO - ✅ База данных успешно обновлена. Записей: 13090
2025-07-14 20:07:08,516 - INFO - ✅ База данных успешно обновлена
2025-07-14 20:07:08,516 - INFO - Следующая проверка в 2025-07-15 20:00:00
